I, [2016-10-27T21:34:50.362181 #1292]  INFO -- default-ubuntu-1404: -----> Converging <default-ubuntu-1404>...
I, [2016-10-27T21:34:50.364136 #1292]  INFO -- default-ubuntu-1404: Preparing files for transfer
I, [2016-10-27T21:34:50.365113 #1292]  INFO -- default-ubuntu-1404: Preparing dna.json
I, [2016-10-27T21:34:50.367068 #1292]  INFO -- default-ubuntu-1404: Preparing current project directory as a cookbook
I, [2016-10-27T21:34:50.393455 #1292]  INFO -- default-ubuntu-1404: Removing non-cookbook files before transfer
I, [2016-10-27T21:34:50.405181 #1292]  INFO -- default-ubuntu-1404: Preparing data_bags
I, [2016-10-27T21:34:50.408113 #1292]  INFO -- default-ubuntu-1404: Preparing validation.pem
I, [2016-10-27T21:34:50.409091 #1292]  INFO -- default-ubuntu-1404: Preparing client.rb
I, [2016-10-27T21:34:54.892608 #1292]  INFO -- default-ubuntu-1404: -----> Chef Omnibus installation detected (install only if missing)
I, [2016-10-27T21:34:54.917525 #1292]  INFO -- default-ubuntu-1404: Transferring files to <default-ubuntu-1404>
I, [2016-10-27T21:34:56.465629 #1292]  INFO -- default-ubuntu-1404: Starting Chef Client, version 12.15.19
I, [2016-10-27T21:34:57.797379 #1292]  INFO -- default-ubuntu-1404: resolving cookbooks for run list: ["ru_baseline::default"]
I, [2016-10-27T21:34:57.820834 #1292]  INFO -- default-ubuntu-1404: Synchronizing Cookbooks:
I, [2016-10-27T21:34:57.832575 #1292]  INFO -- default-ubuntu-1404:   - ru_baseline (1.0.0)
I, [2016-10-27T21:34:57.833538 #1292]  INFO -- default-ubuntu-1404: Installing Cookbook Gems:
I, [2016-10-27T21:34:57.833538 #1292]  INFO -- default-ubuntu-1404: Compiling Cookbooks...
I, [2016-10-27T21:34:57.834516 #1292]  INFO -- default-ubuntu-1404: Converging 2 resources
I, [2016-10-27T21:34:57.835494 #1292]  INFO -- default-ubuntu-1404: Recipe: ru_baseline::default
I, [2016-10-27T21:34:57.835494 #1292]  INFO -- default-ubuntu-1404:   * apt_update[all_platforms] action periodic
I, [2016-10-27T21:34:57.836472 #1292]  INFO -- default-ubuntu-1404:     - update new lists of packages
I, [2016-10-27T21:34:57.848209 #1292]  INFO -- default-ubuntu-1404:     * directory[/var/lib/apt/periodic] action create (up to date)
I, [2016-10-27T21:34:57.849185 #1292]  INFO -- default-ubuntu-1404:     * directory[/etc/apt/apt.conf.d] action create (up to date)
I, [2016-10-27T21:34:57.849185 #1292]  INFO -- default-ubuntu-1404:     * file[/etc/apt/apt.conf.d/15update-stamp] action create_if_missing
I, [2016-10-27T21:34:57.850163 #1292]  INFO -- default-ubuntu-1404:       - create new file /etc/apt/apt.conf.d/15update-stamp
I, [2016-10-27T21:34:57.851130 #1292]  INFO -- default-ubuntu-1404:       - update content in file /etc/apt/apt.conf.d/15update-stamp from none to 174cdb
I, [2016-10-27T21:34:57.852116 #1292]  INFO -- default-ubuntu-1404:       --- /etc/apt/apt.conf.d/15update-stamp	2016-10-28 01:34:57.766281127 +0000
I, [2016-10-27T21:34:57.853085 #1292]  INFO -- default-ubuntu-1404:       +++ /etc/apt/apt.conf.d/.chef-15update-stamp20161028-2962-1p344p2	2016-10-28 01:34:57.766281127 +0000
I, [2016-10-27T21:34:57.854061 #1292]  INFO -- default-ubuntu-1404:       @@ -1 +1,2 @@
I, [2016-10-27T21:34:57.854061 #1292]  INFO -- default-ubuntu-1404:       +APT::Update::Post-Invoke-Success {"touch /var/lib/apt/periodic/update-success-stamp 2>/dev/null || true";};
I, [2016-10-27T21:35:14.780960 #1292]  INFO -- default-ubuntu-1404:     * execute[apt-get -q update] action run
I, [2016-10-27T21:35:14.780960 #1292]  INFO -- default-ubuntu-1404:       - execute apt-get -q update
I, [2016-10-27T21:35:14.780960 #1292]  INFO -- default-ubuntu-1404:   
I, [2016-10-27T21:35:29.158386 #1292]  INFO -- default-ubuntu-1404:   * apt_package[open-vm-tools] action install
I, [2016-10-27T21:35:29.158386 #1292]  INFO -- default-ubuntu-1404:     - install version 2:9.4.0-1280544-5ubuntu6.2 of package open-vm-tools
I, [2016-10-27T21:35:29.202362 #1292]  INFO -- default-ubuntu-1404: 
I, [2016-10-27T21:35:29.202362 #1292]  INFO -- default-ubuntu-1404: Running handlers:
I, [2016-10-27T21:35:29.203339 #1292]  INFO -- default-ubuntu-1404: Running handlers complete
I, [2016-10-27T21:35:29.205294 #1292]  INFO -- default-ubuntu-1404: Chef Client finished, 4/6 resources updated in 32 seconds
I, [2016-10-27T21:35:29.270768 #1292]  INFO -- default-ubuntu-1404: Finished converging <default-ubuntu-1404> (0m38.91s).
